Detecting C [-std=c11] compiler features failed to compile with the following output:
Change Dir: /Users/mac/Desktop/C:C++/cdemo/cmake-build-debug/CMakeFiles/CMakeTmp

Run Build Command(s):/usr/bin/make cmTC_d5e94/fast 
/Library/Developer/CommandLineTools/usr/bin/make -f CMakeFiles/cmTC_d5e94.dir/build.make CMakeFiles/cmTC_d5e94.dir/build
CMakeFiles/cmTC_d5e94.dir/build.make:64: *** target pattern contains no `%'.  Stop.
make: *** [cmTC_d5e94/fast] Error 2



Detecting CXX [-std=c++1z] compiler features failed to compile with the following output:
Change Dir: /Users/mac/Desktop/C:C++/cdemo/cmake-build-debug/CMakeFiles/CMakeTmp

Run Build Command(s):/usr/bin/make cmTC_6c3d4/fast 
/Library/Developer/CommandLineTools/usr/bin/make -f CMakeFiles/cmTC_6c3d4.dir/build.make CMakeFiles/cmTC_6c3d4.dir/build
CMakeFiles/cmTC_6c3d4.dir/build.make:64: *** target pattern contains no `%'.  Stop.
make: *** [cmTC_6c3d4/fast] Error 2



Detecting C [-std=c11] compiler features failed to compile with the following output:
Change Dir: /Users/mac/Desktop/C:C++/cdemo/cmake-build-debug/CMakeFiles/CMakeTmp

Run Build Command(s):/usr/bin/make cmTC_6c1eb/fast 
/Library/Developer/CommandLineTools/usr/bin/make -f CMakeFiles/cmTC_6c1eb.dir/build.make CMakeFiles/cmTC_6c1eb.dir/build
CMakeFiles/cmTC_6c1eb.dir/build.make:64: *** target pattern contains no `%'.  Stop.
make: *** [cmTC_6c1eb/fast] Error 2



Detecting CXX [-std=c++1z] compiler features failed to compile with the following output:
Change Dir: /Users/mac/Desktop/C:C++/cdemo/cmake-build-debug/CMakeFiles/CMakeTmp

Run Build Command(s):/usr/bin/make cmTC_86518/fast 
/Library/Developer/CommandLineTools/usr/bin/make -f CMakeFiles/cmTC_86518.dir/build.make CMakeFiles/cmTC_86518.dir/build
CMakeFiles/cmTC_86518.dir/build.make:64: *** target pattern contains no `%'.  Stop.
make: *** [cmTC_86518/fast] Error 2



